  [1m[35m (5.1ms)[0m  [1m[35mCREATE DATABASE "bookstore_app_development" ENCODING = 'unicode'[0m
  [1m[35m (0.5ms)[0m  [1m[35mCREATE DATABASE "bookstore_app_test" ENCODING = 'unicode'[0m
Started GET "/" for ::1 at 2025-03-08 15:45:10 +0500
  [1m[36mActiveRecord::SchemaMigration Load (18.5ms)[0m  [1m[34mSELECT "schema_migrations"."version" FROM "schema_migrations" ORDER BY "schema_migrations"."version" ASC[0m
Processing by HomeController#index as HTML
  Rendering layout layouts/application.html.erb
  Rendering home/index.html.erb within layouts/application
  Rendered home/index.html.erb within layouts/application (Duration: 3.6ms | Allocations: 218)
  Rendered layout layouts/application.html.erb (Duration: 433.7ms | Allocations: 104056)
Completed 200 OK in 486ms (Views: 448.3ms | ActiveRecord: 0.0ms | Allocations: 113932)


  [1m[35m (1.3ms)[0m  [1m[34mSELECT pg_try_advisory_lock(2316274166026611630)[0m
  [1m[36mActiveRecord::SchemaMigration Load (46.8ms)[0m  [1m[34mSELECT "schema_migrations"."version" FROM "schema_migrations" ORDER BY "schema_migrations"."version" ASC[0m
  [1m[36mActiveRecord::InternalMetadata Load (66.4ms)[0m  [1m[34mSELECT * FROM "ar_internal_metadata" WHERE "ar_internal_metadata"."key" = $1 ORDER BY "ar_internal_metadata"."key" ASC LIMIT 1[0m  [[nil, "environment"]]
Migrating to CreateCustomers (20250309090204)
  [1m[36mTRANSACTION (40.3ms)[0m  [1m[35mBEGIN[0m
  [1m[35m (18.8ms)[0m  [1m[35mCREATE TABLE "customers" ("id" bigserial primary key, "name" character varying, "email" character varying, "membership" boolean, "created_at" timestamp(6) NOT NULL, "updated_at" timestamp(6) NOT NULL)[0m
  [1m[36mTRANSACTION (0.1ms)[0m  [1m[31mROLLBACK[0m
  [1m[35m (0.5ms)[0m  [1m[34mSELECT pg_advisory_unlock(2316274166026611630)[0m
  [1m[36mActiveRecord::SchemaMigration Load (0.8ms)[0m  [1m[34mSELECT "schema_migrations"."version" FROM "schema_migrations" ORDER BY "schema_migrations"."version" ASC[0m
  [1m[36mActiveRecord::SchemaMigration Load (0.3ms)[0m  [1m[34mSELECT "schema_migrations"."version" FROM "schema_migrations" ORDER BY "schema_migrations"."version" ASC[0m
  [1m[36mActiveRecord::SchemaMigration Load (0.2ms)[0m  [1m[34mSELECT "schema_migrations"."version" FROM "schema_migrations" ORDER BY "schema_migrations"."version" ASC[0m
  [1m[36mActiveRecord::SchemaMigration Load (0.7ms)[0m  [1m[34mSELECT "schema_migrations"."version" FROM "schema_migrations" ORDER BY "schema_migrations"."version" ASC[0m
  [1m[36mActiveRecord::InternalMetadata Load (1.0ms)[0m  [1m[34mSELECT * FROM "ar_internal_metadata" WHERE "ar_internal_metadata"."key" = $1 ORDER BY "ar_internal_metadata"."key" ASC LIMIT 1[0m  [[nil, "environment"]]
  [1m[36mActiveRecord::SchemaMigration Load (1.1ms)[0m  [1m[34mSELECT "schema_migrations"."version" FROM "schema_migrations" ORDER BY "schema_migrations"."version" ASC[0m
  [1m[36mActiveRecord::InternalMetadata Load (0.3ms)[0m  [1m[34mSELECT * FROM "ar_internal_metadata" WHERE "ar_internal_metadata"."key" = $1 ORDER BY "ar_internal_metadata"."key" ASC LIMIT 1[0m  [[nil, "environment"]]
  [1m[36mActiveRecord::SchemaMigration Load (0.2ms)[0m  [1m[34mSELECT "schema_migrations"."version" FROM "schema_migrations" ORDER BY "schema_migrations"."version" ASC[0m
  [1m[36mActiveRecord::InternalMetadata Load (0.2ms)[0m  [1m[34mSELECT * FROM "ar_internal_metadata" WHERE "ar_internal_metadata"."key" = $1 ORDER BY "ar_internal_metadata"."key" ASC LIMIT 1[0m  [[nil, "environment"]]
  [1m[35m (85.8ms)[0m  [1m[35mDROP DATABASE IF EXISTS "bookstore_app_development"[0m
  [1m[35m (95.3ms)[0m  [1m[35mDROP DATABASE IF EXISTS "bookstore_app_test"[0m
  [1m[35m (282.3ms)[0m  [1m[35mCREATE DATABASE "bookstore_app_development" ENCODING = 'unicode'[0m
  [1m[35m (164.4ms)[0m  [1m[35mCREATE DATABASE "bookstore_app_test" ENCODING = 'unicode'[0m
  [1m[35m (18.9ms)[0m  [1m[35mCREATE TABLE "schema_migrations" ("version" character varying NOT NULL PRIMARY KEY)[0m
  [1m[35m (9.7ms)[0m  [1m[35mCREATE TABLE "ar_internal_metadata" ("key" character varying NOT NULL PRIMARY KEY, "value" character varying, "created_at" timestamp(6) NOT NULL, "updated_at" timestamp(6) NOT NULL)[0m
  [1m[35m (0.2ms)[0m  [1m[34mSELECT pg_try_advisory_lock(2316274166026611630)[0m
  [1m[36mActiveRecord::SchemaMigration Load (0.5ms)[0m  [1m[34mSELECT "schema_migrations"."version" FROM "schema_migrations" ORDER BY "schema_migrations"."version" ASC[0m
  [1m[36mActiveRecord::InternalMetadata Load (0.9ms)[0m  [1m[34mSELECT * FROM "ar_internal_metadata" WHERE "ar_internal_metadata"."key" = $1 ORDER BY "ar_internal_metadata"."key" ASC LIMIT 1[0m  [[nil, "environment"]]
  [1m[36mActiveRecord::InternalMetadata Create (48.7ms)[0m  [1m[32mINSERT INTO "ar_internal_metadata" ("key", "value", "created_at", "updated_at") VALUES ('environment', 'development', '2025-03-09 09:04:21.468724', '2025-03-09 09:04:21.468731') RETURNING "key"[0m
Migrating to CreateCustomers (20250309090204)
  [1m[36mTRANSACTION (0.1ms)[0m  [1m[35mBEGIN[0m
  [1m[35m (59.8ms)[0m  [1m[35mCREATE TABLE "customers" ("id" bigserial primary key, "name" character varying, "email" character varying, "membership" boolean, "created_at" timestamp(6) NOT NULL, "updated_at" timestamp(6) NOT NULL)[0m
  [1m[36mActiveRecord::SchemaMigration Create (0.4ms)[0m  [1m[32mINSERT INTO "schema_migrations" ("version") VALUES ('20250309090204') RETURNING "version"[0m
  [1m[36mTRANSACTION (1.3ms)[0m  [1m[35mCOMMIT[0m
Migrating to CreateItems (20250309090217)
  [1m[36mTRANSACTION (22.5ms)[0m  [1m[35mBEGIN[0m
  [1m[35m (33.9ms)[0m  [1m[35mCREATE TABLE "items" ("id" bigserial primary key, "name" character varying, "category" character varying, "price" decimal, "availability" character varying, "created_at" timestamp(6) NOT NULL, "updated_at" timestamp(6) NOT NULL)[0m
  [1m[36mActiveRecord::SchemaMigration Create (2.1ms)[0m  [1m[32mINSERT INTO "schema_migrations" ("version") VALUES ('20250309090217') RETURNING "version"[0m
  [1m[36mTRANSACTION (1.6ms)[0m  [1m[35mCOMMIT[0m
Migrating to CreateOrders (20250309090223)
  [1m[36mTRANSACTION (25.8ms)[0m  [1m[35mBEGIN[0m
  [1m[35m (37.7ms)[0m  [1m[35mCREATE TABLE "orders" ("id" bigserial primary key, "customer_id" bigint NOT NULL, "total_price" decimal, "status" character varying, "created_at" timestamp(6) NOT NULL, "updated_at" timestamp(6) NOT NULL, CONSTRAINT "fk_rails_3dad120da9"
FOREIGN KEY ("customer_id")
  REFERENCES "customers" ("id")
)[0m
  [1m[35m (4.3ms)[0m  [1m[35mCREATE INDEX "index_orders_on_customer_id" ON "orders" ("customer_id")[0m
  [1m[36mActiveRecord::SchemaMigration Create (0.2ms)[0m  [1m[32mINSERT INTO "schema_migrations" ("version") VALUES ('20250309090223') RETURNING "version"[0m
  [1m[36mTRANSACTION (1.3ms)[0m  [1m[35mCOMMIT[0m
Migrating to CreateOrderItems (20250309090229)
  [1m[36mTRANSACTION (29.3ms)[0m  [1m[35mBEGIN[0m
  [1m[35m (39.2ms)[0m  [1m[35mCREATE TABLE "order_items" ("id" bigserial primary key, "order_id" bigint NOT NULL, "item_id" bigint NOT NULL, "quantity" integer, "applied_discount" decimal, "created_at" timestamp(6) NOT NULL, "updated_at" timestamp(6) NOT NULL, CONSTRAINT "fk_rails_e3cb28f071"
FOREIGN KEY ("order_id")
  REFERENCES "orders" ("id")
, CONSTRAINT "fk_rails_3e402078fd"
FOREIGN KEY ("item_id")
  REFERENCES "items" ("id")
)[0m
  [1m[35m (1.2ms)[0m  [1m[35mCREATE INDEX "index_order_items_on_order_id" ON "order_items" ("order_id")[0m
  [1m[35m (2.4ms)[0m  [1m[35mCREATE INDEX "index_order_items_on_item_id" ON "order_items" ("item_id")[0m
  [1m[36mActiveRecord::SchemaMigration Create (0.3ms)[0m  [1m[32mINSERT INTO "schema_migrations" ("version") VALUES ('20250309090229') RETURNING "version"[0m
  [1m[36mTRANSACTION (0.4ms)[0m  [1m[35mCOMMIT[0m
Migrating to CreateDiscounts (20250309090234)
  [1m[36mTRANSACTION (229.5ms)[0m  [1m[35mBEGIN[0m
  [1m[35m (272.0ms)[0m  [1m[35mCREATE TABLE "discounts" ("id" bigserial primary key, "discount_type" character varying, "value" decimal, "applies_to_item_id" bigint NOT NULL, "created_at" timestamp(6) NOT NULL, "updated_at" timestamp(6) NOT NULL, CONSTRAINT "fk_rails_d4ad0e4dc7"
FOREIGN KEY ("applies_to_item_id")
  REFERENCES "applies_to_items" ("id")
)[0m
  [1m[36mTRANSACTION (0.8ms)[0m  [1m[31mROLLBACK[0m
  [1m[35m (1.2ms)[0m  [1m[34mSELECT pg_advisory_unlock(2316274166026611630)[0m
  [1m[35m (0.2ms)[0m  [1m[34mSELECT pg_try_advisory_lock(2316274166026611630)[0m
  [1m[36mActiveRecord::SchemaMigration Load (0.8ms)[0m  [1m[34mSELECT "schema_migrations"."version" FROM "schema_migrations" ORDER BY "schema_migrations"."version" ASC[0m
  [1m[36mActiveRecord::InternalMetadata Load (0.9ms)[0m  [1m[34mSELECT * FROM "ar_internal_metadata" WHERE "ar_internal_metadata"."key" = $1 ORDER BY "ar_internal_metadata"."key" ASC LIMIT 1[0m  [[nil, "environment"]]
Migrating to CreateDiscounts (20250309090234)
  [1m[36mTRANSACTION (0.1ms)[0m  [1m[35mBEGIN[0m
  [1m[35m (35.1ms)[0m  [1m[35mCREATE TABLE "discounts" ("id" bigserial primary key, "discount_type" character varying, "value" decimal, "applies_to_item_id" bigint, "created_at" timestamp(6) NOT NULL, "updated_at" timestamp(6) NOT NULL, CONSTRAINT "fk_rails_d4ad0e4dc7"
FOREIGN KEY ("applies_to_item_id")
  REFERENCES "items" ("id")
)[0m
  [1m[35m (2.1ms)[0m  [1m[35mCREATE INDEX "index_discounts_on_applies_to_item_id" ON "discounts" ("applies_to_item_id")[0m
  [1m[36mActiveRecord::SchemaMigration Create (0.4ms)[0m  [1m[32mINSERT INTO "schema_migrations" ("version") VALUES ('20250309090234') RETURNING "version"[0m
  [1m[36mTRANSACTION (1.8ms)[0m  [1m[35mCOMMIT[0m
Migrating to CreateNotifications (20250309090240)
  [1m[36mTRANSACTION (39.9ms)[0m  [1m[35mBEGIN[0m
  [1m[35m (50.9ms)[0m  [1m[35mCREATE TABLE "notifications" ("id" bigserial primary key, "customer_id" bigint NOT NULL, "order_id" bigint NOT NULL, "message" character varying, "status" character varying, "created_at" timestamp(6) NOT NULL, "updated_at" timestamp(6) NOT NULL, CONSTRAINT "fk_rails_e82fd73b00"
FOREIGN KEY ("customer_id")
  REFERENCES "customers" ("id")
, CONSTRAINT "fk_rails_fd5a31cf2f"
FOREIGN KEY ("order_id")
  REFERENCES "orders" ("id")
)[0m
  [1m[35m (2.0ms)[0m  [1m[35mCREATE INDEX "index_notifications_on_customer_id" ON "notifications" ("customer_id")[0m
  [1m[35m (2.0ms)[0m  [1m[35mCREATE INDEX "index_notifications_on_order_id" ON "notifications" ("order_id")[0m
  [1m[36mActiveRecord::SchemaMigration Create (0.5ms)[0m  [1m[32mINSERT INTO "schema_migrations" ("version") VALUES ('20250309090240') RETURNING "version"[0m
  [1m[36mTRANSACTION (2.5ms)[0m  [1m[35mCOMMIT[0m
  [1m[35m (1.6ms)[0m  [1m[34mSELECT pg_advisory_unlock(2316274166026611630)[0m
  [1m[36mActiveRecord::SchemaMigration Load (0.5ms)[0m  [1m[34mSELECT "schema_migrations"."version" FROM "schema_migrations" ORDER BY "schema_migrations"."version" ASC[0m
Started GET "/" for ::1 at 2025-03-09 14:17:43 +0500
  [1m[36mActiveRecord::SchemaMigration Load (36.0ms)[0m  [1m[34mSELECT "schema_migrations"."version" FROM "schema_migrations" ORDER BY "schema_migrations"."version" ASC[0m
Processing by HomeController#index as HTML
  Rendering layout layouts/application.html.erb
  Rendering home/index.html.erb within layouts/application
  Rendered home/index.html.erb within layouts/application (Duration: 1.0ms | Allocations: 412)
  Rendered layout layouts/application.html.erb (Duration: 117.4ms | Allocations: 34994)
Completed 200 OK in 166ms (Views: 136.5ms | ActiveRecord: 0.0ms | Allocations: 41938)


Started GET "/notifications" for ::1 at 2025-03-09 14:17:47 +0500
  
ActionController::RoutingError (uninitialized constant NotificationsController):
  
Started GET "/orders" for ::1 at 2025-03-09 14:17:47 +0500
  
ActionController::RoutingError (uninitialized constant OrdersController):
  
Started GET "/items" for ::1 at 2025-03-09 14:17:47 +0500
  
ActionController::RoutingError (uninitialized constant ItemsController):
  
Started GET "/" for ::1 at 2025-03-09 14:17:53 +0500
Processing by HomeController#index as HTML
  Rendering layout layouts/application.html.erb
  Rendering home/index.html.erb within layouts/application
  Rendered home/index.html.erb within layouts/application (Duration: 0.2ms | Allocations: 66)
  Rendered layout layouts/application.html.erb (Duration: 2.5ms | Allocations: 1672)
Completed 200 OK in 5ms (Views: 3.4ms | ActiveRecord: 0.0ms | Allocations: 2021)


Started GET "/notifications" for ::1 at 2025-03-09 14:17:54 +0500
  
ActionController::RoutingError (uninitialized constant NotificationsController):
  
Started GET "/orders" for ::1 at 2025-03-09 14:17:54 +0500
  
ActionController::RoutingError (uninitialized constant OrdersController):
  
Started GET "/" for ::1 at 2025-03-09 14:17:55 +0500
Processing by HomeController#index as HTML
  Rendering layout layouts/application.html.erb
  Rendering home/index.html.erb within layouts/application
  Rendered home/index.html.erb within layouts/application (Duration: 0.3ms | Allocations: 55)
  Rendered layout layouts/application.html.erb (Duration: 3.0ms | Allocations: 1546)
Completed 200 OK in 6ms (Views: 4.1ms | ActiveRecord: 0.0ms | Allocations: 1853)


Started GET "/notifications" for ::1 at 2025-03-09 14:17:56 +0500
  
ActionController::RoutingError (uninitialized constant NotificationsController):
  
Started GET "/" for ::1 at 2025-03-09 14:17:57 +0500
Processing by HomeController#index as HTML
  Rendering layout layouts/application.html.erb
  Rendering home/index.html.erb within layouts/application
  Rendered home/index.html.erb within layouts/application (Duration: 0.2ms | Allocations: 55)
  Rendered layout layouts/application.html.erb (Duration: 2.8ms | Allocations: 1540)
Completed 200 OK in 5ms (Views: 3.5ms | ActiveRecord: 0.0ms | Allocations: 1846)


Started GET "/items" for ::1 at 2025-03-09 14:17:59 +0500
  
ActionController::RoutingError (uninitialized constant ItemsController):
  
Started GET "/" for ::1 at 2025-03-09 14:19:11 +0500
Processing by HomeController#index as HTML
  Rendering layout layouts/application.html.erb
  Rendering home/index.html.erb within layouts/application
  Rendered home/index.html.erb within layouts/application (Duration: 1.0ms | Allocations: 276)
  Rendered layout layouts/application.html.erb (Duration: 30.8ms | Allocations: 16088)
Completed 200 OK in 36ms (Views: 34.8ms | ActiveRecord: 0.0ms | Allocations: 17414)


Started GET "/" for ::1 at 2025-03-09 14:19:13 +0500
Processing by HomeController#index as HTML
  Rendering layout layouts/application.html.erb
  Rendering home/index.html.erb within layouts/application
  Rendered home/index.html.erb within layouts/application (Duration: 1.4ms | Allocations: 55)
  Rendered layout layouts/application.html.erb (Duration: 9.1ms | Allocations: 1546)
Completed 200 OK in 15ms (Views: 13.8ms | ActiveRecord: 0.0ms | Allocations: 1867)


Started GET "/api/items" for ::1 at 2025-03-09 14:19:15 +0500
Processing by Api::ItemsController#index as HTML
  [1m[36mItem Load (11.2ms)[0m  [1m[34mSELECT "items".* FROM "items"[0m
  ↳ app/controllers/api/items_controller.rb:6:in `index'
Completed 200 OK in 177ms (Views: 19.2ms | ActiveRecord: 62.4ms | Allocations: 23208)


Started GET "/api/items" for ::1 at 2025-03-09 14:19:15 +0500
Processing by Api::ItemsController#index as HTML
  [1m[36mItem Load (0.8ms)[0m  [1m[34mSELECT "items".* FROM "items"[0m
  ↳ app/controllers/api/items_controller.rb:6:in `index'
Completed 200 OK in 8ms (Views: 6.6ms | ActiveRecord: 0.7ms | Allocations: 843)


Started GET "/api/notifications?customer_id=1" for ::1 at 2025-03-09 14:19:39 +0500
Processing by Api::NotificationsController#index as HTML
  Parameters: {"customer_id"=>"1"}
  [1m[36mNotification Load (45.3ms)[0m  [1m[34mSELECT "notifications".* FROM "notifications" WHERE "notifications"."customer_id" = $1[0m  [["customer_id", 1]]
  ↳ app/controllers/api/notifications_controller.rb:6:in `index'
Completed 200 OK in 85ms (Views: 6.5ms | ActiveRecord: 49.2ms | Allocations: 7291)


Started GET "/api/notifications?customer_id=1" for ::1 at 2025-03-09 14:19:40 +0500
Processing by Api::NotificationsController#index as HTML
  Parameters: {"customer_id"=>"1"}
  [1m[36mNotification Load (0.2ms)[0m  [1m[34mSELECT "notifications".* FROM "notifications" WHERE "notifications"."customer_id" = $1[0m  [["customer_id", 1]]
  ↳ app/controllers/api/notifications_controller.rb:6:in `index'
Completed 200 OK in 10ms (Views: 9.2ms | ActiveRecord: 0.2ms | Allocations: 944)


Started GET "/api/notifications?customer_id=1" for ::1 at 2025-03-09 14:19:58 +0500
Processing by Api::NotificationsController#index as HTML
  Parameters: {"customer_id"=>"1"}
  [1m[36mNotification Load (0.2ms)[0m  [1m[34mSELECT "notifications".* FROM "notifications" WHERE "notifications"."customer_id" = $1[0m  [["customer_id", 1]]
  ↳ app/controllers/api/notifications_controller.rb:6:in `index'
Completed 200 OK in 6ms (Views: 4.8ms | ActiveRecord: 0.2ms | Allocations: 900)


Started GET "/api/notifications?customer_id=1" for ::1 at 2025-03-09 14:19:59 +0500
Processing by Api::NotificationsController#index as HTML
  Parameters: {"customer_id"=>"1"}
  [1m[36mNotification Load (0.2ms)[0m  [1m[34mSELECT "notifications".* FROM "notifications" WHERE "notifications"."customer_id" = $1[0m  [["customer_id", 1]]
  ↳ app/controllers/api/notifications_controller.rb:6:in `index'
Completed 200 OK in 7ms (Views: 5.7ms | ActiveRecord: 0.2ms | Allocations: 900)


Started GET "/api/orders" for ::1 at 2025-03-09 14:20:01 +0500
  
ActionController::RoutingError (No route matches [GET] "/api/orders"):
  
  [1m[36mActiveRecord::SchemaMigration Load (0.8ms)[0m  [1m[34mSELECT "schema_migrations"."version" FROM "schema_migrations" ORDER BY "schema_migrations"."version" ASC[0m
  [1m[36mTRANSACTION (0.1ms)[0m  [1m[35mBEGIN[0m
  [1m[36mCustomer Create (44.6ms)[0m  [1m[32mINSERT INTO "customers" ("name", "email", "membership", "created_at", "updated_at") VALUES ($1, $2, $3, $4, $5) RETURNING "id"[0m  [["name", "Alice"], ["email", "alice@example.com"], ["membership", true], ["created_at", "2025-03-09 09:21:22.571729"], ["updated_at", "2025-03-09 09:21:22.571729"]]
  [1m[36mTRANSACTION (3.1ms)[0m  [1m[35mCOMMIT[0m
  [1m[36mTRANSACTION (0.1ms)[0m  [1m[35mBEGIN[0m
  [1m[36mCustomer Create (1.5ms)[0m  [1m[32mINSERT INTO "customers" ("name", "email", "membership", "created_at", "updated_at") VALUES ($1, $2, $3, $4, $5) RETURNING "id"[0m  [["name", "Bob"], ["email", "bob@example.com"], ["membership", false], ["created_at", "2025-03-09 09:21:22.625956"], ["updated_at", "2025-03-09 09:21:22.625956"]]
  [1m[36mTRANSACTION (1.4ms)[0m  [1m[35mCOMMIT[0m
  [1m[36mTRANSACTION (0.2ms)[0m  [1m[35mBEGIN[0m
  [1m[36mItem Create (43.7ms)[0m  [1m[32mINSERT INTO "items" ("name", "category", "price", "availability", "created_at", "updated_at") VALUES ($1, $2, $3, $4, $5, $6) RETURNING "id"[0m  [["name", "Ruby on Rails Book"], ["category", "Book"], ["price", "30.0"], ["availability", "in-stock"], ["created_at", "2025-03-09 09:21:22.655753"], ["updated_at", "2025-03-09 09:21:22.655753"]]
  [1m[36mTRANSACTION (1.6ms)[0m  [1m[35mCOMMIT[0m
  [1m[36mTRANSACTION (0.2ms)[0m  [1m[35mBEGIN[0m
  [1m[36mItem Create (1.5ms)[0m  [1m[32mINSERT INTO "items" ("name", "category", "price", "availability", "created_at", "updated_at") VALUES ($1, $2, $3, $4, $5, $6) RETURNING "id"[0m  [["name", "Tech Magazine"], ["category", "Magazine"], ["price", "10.0"], ["availability", "in-stock"], ["created_at", "2025-03-09 09:21:22.718066"], ["updated_at", "2025-03-09 09:21:22.718066"]]
  [1m[36mTRANSACTION (1.5ms)[0m  [1m[35mCOMMIT[0m
  [1m[36mTRANSACTION (0.1ms)[0m  [1m[35mBEGIN[0m
  [1m[36mItem Create (1.5ms)[0m  [1m[32mINSERT INTO "items" ("name", "category", "price", "availability", "created_at", "updated_at") VALUES ($1, $2, $3, $4, $5, $6) RETURNING "id"[0m  [["name", "Stationery Set"], ["category", "Stationery"], ["price", "15.0"], ["availability", "pre-order"], ["created_at", "2025-03-09 09:21:22.724143"], ["updated_at", "2025-03-09 09:21:22.724143"]]
  [1m[36mTRANSACTION (1.4ms)[0m  [1m[35mCOMMIT[0m
  [1m[36mTRANSACTION (0.1ms)[0m  [1m[35mBEGIN[0m
  [1m[36mDiscount Create (46.9ms)[0m  [1m[32mINSERT INTO "discounts" ("discount_type", "value", "applies_to_item_id", "created_at", "updated_at") VALUES ($1, $2, $3, $4, $5) RETURNING "id"[0m  [["discount_type", "percentage"], ["value", "20.0"], ["applies_to_item_id", 1], ["created_at", "2025-03-09 09:21:22.758847"], ["updated_at", "2025-03-09 09:21:22.758847"]]
  [1m[36mTRANSACTION (1.8ms)[0m  [1m[35mCOMMIT[0m
  [1m[36mTRANSACTION (0.1ms)[0m  [1m[35mBEGIN[0m
  [1m[36mItem Load (0.2ms)[0m  [1m[34mSELECT "items".* FROM "items" WHERE "items"."id" = $1 LIMIT $2[0m  [["id", 1], ["LIMIT", 1]]
  [1m[36mItem Load (0.2ms)[0m  [1m[34mSELECT "items".* FROM "items" WHERE "items"."id" = $1 LIMIT $2[0m  [["id", 2], ["LIMIT", 1]]
  [1m[36mOrder Create (43.8ms)[0m  [1m[32mINSERT INTO "orders" ("customer_id", "total_price", "status", "created_at", "updated_at") VALUES ($1, $2, $3, $4, $5) RETURNING "id"[0m  [["customer_id", 1], ["total_price", "70.0"], ["status", "pending"], ["created_at", "2025-03-09 09:21:22.892954"], ["updated_at", "2025-03-09 09:21:22.892954"]]
  [1m[36mTRANSACTION (0.5ms)[0m  [1m[31mROLLBACK[0m
  [1m[36mActiveRecord::SchemaMigration Load (1.1ms)[0m  [1m[34mSELECT "schema_migrations"."version" FROM "schema_migrations" ORDER BY "schema_migrations"."version" ASC[0m
  [1m[36mTRANSACTION (0.1ms)[0m  [1m[35mBEGIN[0m
  [1m[36mCustomer Create (1.8ms)[0m  [1m[32mINSERT INTO "customers" ("name", "email", "membership", "created_at", "updated_at") VALUES ($1, $2, $3, $4, $5) RETURNING "id"[0m  [["name", "Alice"], ["email", "alice@example.com"], ["membership", true], ["created_at", "2025-03-09 09:22:28.589783"], ["updated_at", "2025-03-09 09:22:28.589783"]]
  [1m[36mTRANSACTION (35.5ms)[0m  [1m[35mCOMMIT[0m
  [1m[36mTRANSACTION (0.2ms)[0m  [1m[35mBEGIN[0m
  [1m[36mCustomer Create (1.5ms)[0m  [1m[32mINSERT INTO "customers" ("name", "email", "membership", "created_at", "updated_at") VALUES ($1, $2, $3, $4, $5) RETURNING "id"[0m  [["name", "Bob"], ["email", "bob@example.com"], ["membership", false], ["created_at", "2025-03-09 09:22:28.638428"], ["updated_at", "2025-03-09 09:22:28.638428"]]
  [1m[36mTRANSACTION (0.3ms)[0m  [1m[35mCOMMIT[0m
  [1m[36mTRANSACTION (0.1ms)[0m  [1m[35mBEGIN[0m
  [1m[36mItem Create (1.6ms)[0m  [1m[32mINSERT INTO "items" ("name", "category", "price", "availability", "created_at", "updated_at") VALUES ($1, $2, $3, $4, $5, $6) RETURNING "id"[0m  [["name", "Ruby on Rails Book"], ["category", "Book"], ["price", "30.0"], ["availability", "in-stock"], ["created_at", "2025-03-09 09:22:28.676406"], ["updated_at", "2025-03-09 09:22:28.676406"]]
  [1m[36mTRANSACTION (1.3ms)[0m  [1m[35mCOMMIT[0m
  [1m[36mTRANSACTION (0.2ms)[0m  [1m[35mBEGIN[0m
  [1m[36mItem Create (1.7ms)[0m  [1m[32mINSERT INTO "items" ("name", "category", "price", "availability", "created_at", "updated_at") VALUES ($1, $2, $3, $4, $5, $6) RETURNING "id"[0m  [["name", "Tech Magazine"], ["category", "Magazine"], ["price", "10.0"], ["availability", "in-stock"], ["created_at", "2025-03-09 09:22:28.682425"], ["updated_at", "2025-03-09 09:22:28.682425"]]
  [1m[36mTRANSACTION (1.4ms)[0m  [1m[35mCOMMIT[0m
  [1m[36mTRANSACTION (0.1ms)[0m  [1m[35mBEGIN[0m
  [1m[36mItem Create (1.5ms)[0m  [1m[32mINSERT INTO "items" ("name", "category", "price", "availability", "created_at", "updated_at") VALUES ($1, $2, $3, $4, $5, $6) RETURNING "id"[0m  [["name", "Stationery Set"], ["category", "Stationery"], ["price", "15.0"], ["availability", "pre-order"], ["created_at", "2025-03-09 09:22:28.688765"], ["updated_at", "2025-03-09 09:22:28.688765"]]
  [1m[36mTRANSACTION (1.4ms)[0m  [1m[35mCOMMIT[0m
  [1m[36mTRANSACTION (0.1ms)[0m  [1m[35mBEGIN[0m
  [1m[36mDiscount Create (1.8ms)[0m  [1m[32mINSERT INTO "discounts" ("discount_type", "value", "applies_to_item_id", "created_at", "updated_at") VALUES ($1, $2, $3, $4, $5) RETURNING "id"[0m  [["discount_type", "percentage"], ["value", "20.0"], ["applies_to_item_id", 4], ["created_at", "2025-03-09 09:22:28.718374"], ["updated_at", "2025-03-09 09:22:28.718374"]]
  [1m[36mTRANSACTION (20.9ms)[0m  [1m[35mCOMMIT[0m
  [1m[36mTRANSACTION (0.2ms)[0m  [1m[35mBEGIN[0m
  [1m[36mItem Load (0.8ms)[0m  [1m[34mSELECT "items".* FROM "items" WHERE "items"."id" = $1 LIMIT $2[0m  [["id", 4], ["LIMIT", 1]]
  [1m[36mItem Load (0.2ms)[0m  [1m[34mSELECT "items".* FROM "items" WHERE "items"."id" = $1 LIMIT $2[0m  [["id", 5], ["LIMIT", 1]]
  [1m[36mOrder Create (0.8ms)[0m  [1m[32mINSERT INTO "orders" ("customer_id", "total_price", "status", "created_at", "updated_at") VALUES ($1, $2, $3, $4, $5) RETURNING "id"[0m  [["customer_id", 3], ["total_price", "70.0"], ["status", "pending"], ["created_at", "2025-03-09 09:22:28.816873"], ["updated_at", "2025-03-09 09:22:28.816873"]]
  [1m[36mTRANSACTION (0.4ms)[0m  [1m[31mROLLBACK[0m
  [1m[36mActiveRecord::SchemaMigration Load (0.7ms)[0m  [1m[34mSELECT "schema_migrations"."version" FROM "schema_migrations" ORDER BY "schema_migrations"."version" ASC[0m
  [1m[36mTRANSACTION (0.2ms)[0m  [1m[35mBEGIN[0m
  [1m[36mCustomer Create (1.6ms)[0m  [1m[32mINSERT INTO "customers" ("name", "email", "membership", "created_at", "updated_at") VALUES ($1, $2, $3, $4, $5) RETURNING "id"[0m  [["name", "Alice"], ["email", "alice@example.com"], ["membership", true], ["created_at", "2025-03-09 09:22:49.584898"], ["updated_at", "2025-03-09 09:22:49.584898"]]
  [1m[36mTRANSACTION (40.0ms)[0m  [1m[35mCOMMIT[0m
  [1m[36mTRANSACTION (0.1ms)[0m  [1m[35mBEGIN[0m
  [1m[36mCustomer Create (1.5ms)[0m  [1m[32mINSERT INTO "customers" ("name", "email", "membership", "created_at", "updated_at") VALUES ($1, $2, $3, $4, $5) RETURNING "id"[0m  [["name", "Bob"], ["email", "bob@example.com"], ["membership", false], ["created_at", "2025-03-09 09:22:49.630251"], ["updated_at", "2025-03-09 09:22:49.630251"]]
  [1m[36mTRANSACTION (1.6ms)[0m  [1m[35mCOMMIT[0m
  [1m[36mTRANSACTION (0.2ms)[0m  [1m[35mBEGIN[0m
  [1m[36mItem Create (15.6ms)[0m  [1m[32mINSERT INTO "items" ("name", "category", "price", "availability", "created_at", "updated_at") VALUES ($1, $2, $3, $4, $5, $6) RETURNING "id"[0m  [["name", "Ruby on Rails Book"], ["category", "Book"], ["price", "30.0"], ["availability", "in-stock"], ["created_at", "2025-03-09 09:22:49.659913"], ["updated_at", "2025-03-09 09:22:49.659913"]]
  [1m[36mTRANSACTION (1.6ms)[0m  [1m[35mCOMMIT[0m
  [1m[36mTRANSACTION (0.1ms)[0m  [1m[35mBEGIN[0m
  [1m[36mItem Create (1.5ms)[0m  [1m[32mINSERT INTO "items" ("name", "category", "price", "availability", "created_at", "updated_at") VALUES ($1, $2, $3, $4, $5, $6) RETURNING "id"[0m  [["name", "Tech Magazine"], ["category", "Magazine"], ["price", "10.0"], ["availability", "in-stock"], ["created_at", "2025-03-09 09:22:49.680880"], ["updated_at", "2025-03-09 09:22:49.680880"]]
  [1m[36mTRANSACTION (1.5ms)[0m  [1m[35mCOMMIT[0m
  [1m[36mTRANSACTION (0.1ms)[0m  [1m[35mBEGIN[0m
  [1m[36mItem Create (1.3ms)[0m  [1m[32mINSERT INTO "items" ("name", "category", "price", "availability", "created_at", "updated_at") VALUES ($1, $2, $3, $4, $5, $6) RETURNING "id"[0m  [["name", "Stationery Set"], ["category", "Stationery"], ["price", "15.0"], ["availability", "pre-order"], ["created_at", "2025-03-09 09:22:49.686720"], ["updated_at", "2025-03-09 09:22:49.686720"]]
  [1m[36mTRANSACTION (1.7ms)[0m  [1m[35mCOMMIT[0m
  [1m[36mTRANSACTION (0.1ms)[0m  [1m[35mBEGIN[0m
  [1m[36mDiscount Create (2.7ms)[0m  [1m[32mINSERT INTO "discounts" ("discount_type", "value", "applies_to_item_id", "created_at", "updated_at") VALUES ($1, $2, $3, $4, $5) RETURNING "id"[0m  [["discount_type", "percentage"], ["value", "20.0"], ["applies_to_item_id", 7], ["created_at", "2025-03-09 09:22:49.720398"], ["updated_at", "2025-03-09 09:22:49.720398"]]
  [1m[36mTRANSACTION (40.7ms)[0m  [1m[35mCOMMIT[0m
  [1m[36mTRANSACTION (0.2ms)[0m  [1m[35mBEGIN[0m
  [1m[36mItem Load (0.2ms)[0m  [1m[34mSELECT "items".* FROM "items" WHERE "items"."id" = $1 LIMIT $2[0m  [["id", 7], ["LIMIT", 1]]
  [1m[36mItem Load (0.2ms)[0m  [1m[34mSELECT "items".* FROM "items" WHERE "items"."id" = $1 LIMIT $2[0m  [["id", 8], ["LIMIT", 1]]
  [1m[36mOrder Create (0.8ms)[0m  [1m[32mINSERT INTO "orders" ("customer_id", "total_price", "status", "created_at", "updated_at") VALUES ($1, $2, $3, $4, $5) RETURNING "id"[0m  [["customer_id", 5], ["total_price", "70.0"], ["status", "pending"], ["created_at", "2025-03-09 09:22:49.875050"], ["updated_at", "2025-03-09 09:22:49.875050"]]
  [1m[36mTRANSACTION (0.5ms)[0m  [1m[31mROLLBACK[0m
  [1m[36mActiveRecord::SchemaMigration Load (0.8ms)[0m  [1m[34mSELECT "schema_migrations"."version" FROM "schema_migrations" ORDER BY "schema_migrations"."version" ASC[0m
  [1m[36mTRANSACTION (0.2ms)[0m  [1m[35mBEGIN[0m
  [1m[36mCustomer Create (1.9ms)[0m  [1m[32mINSERT INTO "customers" ("name", "email", "membership", "created_at", "updated_at") VALUES ($1, $2, $3, $4, $5) RETURNING "id"[0m  [["name", "Alice"], ["email", "alice@example.com"], ["membership", true], ["created_at", "2025-03-09 09:23:44.180852"], ["updated_at", "2025-03-09 09:23:44.180852"]]
  [1m[36mTRANSACTION (37.3ms)[0m  [1m[35mCOMMIT[0m
  [1m[36mTRANSACTION (0.2ms)[0m  [1m[35mBEGIN[0m
  [1m[36mCustomer Create (1.8ms)[0m  [1m[32mINSERT INTO "customers" ("name", "email", "membership", "created_at", "updated_at") VALUES ($1, $2, $3, $4, $5) RETURNING "id"[0m  [["name", "Bob"], ["email", "bob@example.com"], ["membership", false], ["created_at", "2025-03-09 09:23:44.224753"], ["updated_at", "2025-03-09 09:23:44.224753"]]
  [1m[36mTRANSACTION (1.5ms)[0m  [1m[35mCOMMIT[0m
  [1m[36mTRANSACTION (0.1ms)[0m  [1m[35mBEGIN[0m
  [1m[36mItem Create (13.6ms)[0m  [1m[32mINSERT INTO "items" ("name", "category", "price", "availability", "created_at", "updated_at") VALUES ($1, $2, $3, $4, $5, $6) RETURNING "id"[0m  [["name", "Ruby on Rails Book"], ["category", "Book"], ["price", "30.0"], ["availability", "in-stock"], ["created_at", "2025-03-09 09:23:44.251700"], ["updated_at", "2025-03-09 09:23:44.251700"]]
  [1m[36mTRANSACTION (39.6ms)[0m  [1m[35mCOMMIT[0m
  [1m[36mTRANSACTION (0.2ms)[0m  [1m[35mBEGIN[0m
  [1m[36mItem Create (1.7ms)[0m  [1m[32mINSERT INTO "items" ("name", "category", "price", "availability", "created_at", "updated_at") VALUES ($1, $2, $3, $4, $5, $6) RETURNING "id"[0m  [["name", "Tech Magazine"], ["category", "Magazine"], ["price", "10.0"], ["availability", "in-stock"], ["created_at", "2025-03-09 09:23:44.314650"], ["updated_at", "2025-03-09 09:23:44.314650"]]
  [1m[36mTRANSACTION (5.4ms)[0m  [1m[35mCOMMIT[0m
  [1m[36mTRANSACTION (0.1ms)[0m  [1m[35mBEGIN[0m
  [1m[36mItem Create (1.4ms)[0m  [1m[32mINSERT INTO "items" ("name", "category", "price", "availability", "created_at", "updated_at") VALUES ($1, $2, $3, $4, $5, $6) RETURNING "id"[0m  [["name", "Stationery Set"], ["category", "Stationery"], ["price", "15.0"], ["availability", "pre-order"], ["created_at", "2025-03-09 09:23:44.325605"], ["updated_at", "2025-03-09 09:23:44.325605"]]
  [1m[36mTRANSACTION (1.1ms)[0m  [1m[35mCOMMIT[0m
  [1m[36mTRANSACTION (0.2ms)[0m  [1m[35mBEGIN[0m
  [1m[36mDiscount Create (2.0ms)[0m  [1m[32mINSERT INTO "discounts" ("discount_type", "value", "applies_to_item_id", "created_at", "updated_at") VALUES ($1, $2, $3, $4, $5) RETURNING "id"[0m  [["discount_type", "percentage"], ["value", "20.0"], ["applies_to_item_id", 10], ["created_at", "2025-03-09 09:23:44.368867"], ["updated_at", "2025-03-09 09:23:44.368867"]]
  [1m[36mTRANSACTION (24.8ms)[0m  [1m[35mCOMMIT[0m
  [1m[36mTRANSACTION (0.2ms)[0m  [1m[35mBEGIN[0m
  [1m[36mItem Load (0.2ms)[0m  [1m[34mSELECT "items".* FROM "items" WHERE "items"."id" = $1 LIMIT $2[0m  [["id", 10], ["LIMIT", 1]]
  [1m[36mItem Load (0.2ms)[0m  [1m[34mSELECT "items".* FROM "items" WHERE "items"."id" = $1 LIMIT $2[0m  [["id", 11], ["LIMIT", 1]]
  [1m[36mOrder Create (0.6ms)[0m  [1m[32mINSERT INTO "orders" ("customer_id", "total_price", "status", "created_at", "updated_at") VALUES ($1, $2, $3, $4, $5) RETURNING "id"[0m  [["customer_id", 7], ["total_price", "70.0"], ["status", "pending"], ["created_at", "2025-03-09 09:23:44.475923"], ["updated_at", "2025-03-09 09:23:44.475923"]]
  [1m[36mDiscount Load (0.3ms)[0m  [1m[34mSELECT "discounts".* FROM "discounts" WHERE "discounts"."applies_to_item_id" = $1 LIMIT $2[0m  [["applies_to_item_id", 10], ["LIMIT", 1]]
  ↳ app/models/order_item.rb:8:in `apply_discount'
  [1m[36mOrderItem Create (28.5ms)[0m  [1m[32mINSERT INTO "order_items" ("order_id", "item_id", "quantity", "applied_discount", "created_at", "updated_at") VALUES ($1, $2, $3, $4, $5, $6) RETURNING "id"[0m  [["order_id", 4], ["item_id", 10], ["quantity", 2], ["applied_discount", "6.0"], ["created_at", "2025-03-09 09:23:44.484231"], ["updated_at", "2025-03-09 09:23:44.484231"]]
  [1m[36mDiscount Load (0.2ms)[0m  [1m[34mSELECT "discounts".* FROM "discounts" WHERE "discounts"."applies_to_item_id" = $1 LIMIT $2[0m  [["applies_to_item_id", 11], ["LIMIT", 1]]
  ↳ app/models/order_item.rb:8:in `apply_discount'
  [1m[36mOrderItem Create (0.5ms)[0m  [1m[32mINSERT INTO "order_items" ("order_id", "item_id", "quantity", "applied_discount", "created_at", "updated_at") VALUES ($1, $2, $3, $4, $5, $6) RETURNING "id"[0m  [["order_id", 4], ["item_id", 11], ["quantity", 1], ["applied_discount", nil], ["created_at", "2025-03-09 09:23:44.517305"], ["updated_at", "2025-03-09 09:23:44.517305"]]
  [1m[36mTRANSACTION (1.3ms)[0m  [1m[35mCOMMIT[0m
Started GET "/" for ::1 at 2025-03-09 14:24:07 +0500
Processing by HomeController#index as HTML
  Rendering layout layouts/application.html.erb
  Rendering home/index.html.erb within layouts/application
  Rendered home/index.html.erb within layouts/application (Duration: 1.0ms | Allocations: 272)
  Rendered layout layouts/application.html.erb (Duration: 34.1ms | Allocations: 16019)
Completed 200 OK in 42ms (Views: 38.4ms | ActiveRecord: 0.0ms | Allocations: 17349)


Started GET "/api/orders" for ::1 at 2025-03-09 14:24:08 +0500
  
ActionController::RoutingError (No route matches [GET] "/api/orders"):
  
Started GET "/api/items" for ::1 at 2025-03-09 14:24:08 +0500
Processing by Api::ItemsController#index as HTML
  [1m[36mItem Load (0.7ms)[0m  [1m[34mSELECT "items".* FROM "items"[0m
  ↳ app/controllers/api/items_controller.rb:6:in `index'
Completed 200 OK in 48ms (Views: 28.4ms | ActiveRecord: 6.6ms | Allocations: 31720)


Started GET "/api/items" for ::1 at 2025-03-09 14:24:09 +0500
Processing by Api::ItemsController#index as HTML
  [1m[36mItem Load (0.4ms)[0m  [1m[34mSELECT "items".* FROM "items"[0m
  ↳ app/controllers/api/items_controller.rb:6:in `index'
Completed 200 OK in 5ms (Views: 4.1ms | ActiveRecord: 0.3ms | Allocations: 1680)


Started GET "/api/items" for ::1 at 2025-03-09 14:24:16 +0500
Processing by Api::ItemsController#index as HTML
  [1m[36mItem Load (0.5ms)[0m  [1m[34mSELECT "items".* FROM "items"[0m
  ↳ app/controllers/api/items_controller.rb:6:in `index'
Completed 200 OK in 6ms (Views: 5.1ms | ActiveRecord: 0.5ms | Allocations: 1589)


Started GET "/api/orders" for ::1 at 2025-03-09 14:24:16 +0500
  
ActionController::RoutingError (No route matches [GET] "/api/orders"):
  
Started GET "/" for ::1 at 2025-03-09 14:24:19 +0500
Processing by HomeController#index as HTML
  Rendering layout layouts/application.html.erb
  Rendering home/index.html.erb within layouts/application
  Rendered home/index.html.erb within layouts/application (Duration: 0.3ms | Allocations: 66)
  Rendered layout layouts/application.html.erb (Duration: 4.9ms | Allocations: 1619)
Completed 200 OK in 6ms (Views: 5.6ms | ActiveRecord: 0.0ms | Allocations: 1931)


Started GET "/api/items" for ::1 at 2025-03-09 14:24:20 +0500
Processing by Api::ItemsController#index as HTML
  [1m[36mItem Load (0.4ms)[0m  [1m[34mSELECT "items".* FROM "items"[0m
  ↳ app/controllers/api/items_controller.rb:6:in `index'
Completed 200 OK in 5ms (Views: 3.0ms | ActiveRecord: 0.4ms | Allocations: 1590)


Started GET "/api/orders" for ::1 at 2025-03-09 14:24:21 +0500
  
ActionController::RoutingError (No route matches [GET] "/api/orders"):
  
Started GET "/api/notifications?customer_id=1" for ::1 at 2025-03-09 14:24:21 +0500
Processing by Api::NotificationsController#index as HTML
  Parameters: {"customer_id"=>"1"}
  [1m[36mNotification Load (0.2ms)[0m  [1m[34mSELECT "notifications".* FROM "notifications" WHERE "notifications"."customer_id" = $1[0m  [["customer_id", 1]]
  ↳ app/controllers/api/notifications_controller.rb:6:in `index'
Completed 200 OK in 12ms (Views: 1.6ms | ActiveRecord: 2.0ms | Allocations: 4643)


Started GET "/api/notifications?customer_id=1" for ::1 at 2025-03-09 14:24:21 +0500
Processing by Api::NotificationsController#index as HTML
  Parameters: {"customer_id"=>"1"}
  [1m[36mNotification Load (0.2ms)[0m  [1m[34mSELECT "notifications".* FROM "notifications" WHERE "notifications"."customer_id" = $1[0m  [["customer_id", 1]]
  ↳ app/controllers/api/notifications_controller.rb:6:in `index'
Completed 200 OK in 3ms (Views: 1.5ms | ActiveRecord: 0.2ms | Allocations: 905)


Started GET "/api/notifications?customer_id=1" for ::1 at 2025-03-09 14:24:22 +0500
Processing by Api::NotificationsController#index as HTML
  Parameters: {"customer_id"=>"1"}
  [1m[36mNotification Load (0.1ms)[0m  [1m[34mSELECT "notifications".* FROM "notifications" WHERE "notifications"."customer_id" = $1[0m  [["customer_id", 1]]
  ↳ app/controllers/api/notifications_controller.rb:6:in `index'
Completed 200 OK in 2ms (Views: 1.6ms | ActiveRecord: 0.1ms | Allocations: 898)


Started GET "/api/orders" for ::1 at 2025-03-09 14:24:23 +0500
  
ActionController::RoutingError (No route matches [GET] "/api/orders"):
  
Started GET "/api/items" for ::1 at 2025-03-09 14:24:24 +0500
Processing by Api::ItemsController#index as HTML
  [1m[36mItem Load (1.3ms)[0m  [1m[34mSELECT "items".* FROM "items"[0m
  ↳ app/controllers/api/items_controller.rb:6:in `index'
Completed 200 OK in 5ms (Views: 2.9ms | ActiveRecord: 1.3ms | Allocations: 1628)


Started GET "/api/items" for ::1 at 2025-03-09 14:24:25 +0500
Processing by Api::ItemsController#index as HTML
  [1m[36mItem Load (0.4ms)[0m  [1m[34mSELECT "items".* FROM "items"[0m
  ↳ app/controllers/api/items_controller.rb:6:in `index'
Completed 200 OK in 5ms (Views: 4.2ms | ActiveRecord: 0.3ms | Allocations: 1589)


Started GET "/api/items" for ::1 at 2025-03-09 14:24:26 +0500
Processing by Api::ItemsController#index as HTML
  [1m[36mItem Load (0.5ms)[0m  [1m[34mSELECT "items".* FROM "items"[0m
  ↳ app/controllers/api/items_controller.rb:6:in `index'
Completed 200 OK in 6ms (Views: 4.6ms | ActiveRecord: 0.6ms | Allocations: 1589)


Started GET "/api/orders" for ::1 at 2025-03-09 14:24:26 +0500
  
ActionController::RoutingError (No route matches [GET] "/api/orders"):
  
Started GET "/" for ::1 at 2025-03-09 14:25:55 +0500
Processing by HomeController#index as HTML
  Rendering layout layouts/application.html.erb
  Rendering home/index.html.erb within layouts/application
  Rendered home/index.html.erb within layouts/application (Duration: 0.7ms | Allocations: 272)
  Rendered layout layouts/application.html.erb (Duration: 34.7ms | Allocations: 16093)
Completed 200 OK in 41ms (Views: 38.6ms | ActiveRecord: 0.0ms | Allocations: 17423)


Started GET "/api/orders" for ::1 at 2025-03-09 14:25:56 +0500
Processing by Api::OrdersController#index as HTML
  [1m[36mOrder Load (0.7ms)[0m  [1m[34mSELECT "orders".* FROM "orders"[0m
  ↳ app/controllers/api/orders_controller.rb:6:in `index'
  [1m[36mOrderItem Load (0.5ms)[0m  [1m[34mSELECT "order_items".* FROM "order_items" WHERE "order_items"."order_id" = $1[0m  [["order_id", 4]]
  ↳ app/controllers/api/orders_controller.rb:6:in `index'
Completed 200 OK in 84ms (Views: 67.5ms | ActiveRecord: 6.7ms | Allocations: 50081)


Started GET "/api/orders" for ::1 at 2025-03-09 14:25:56 +0500
Processing by Api::OrdersController#index as HTML
  [1m[36mOrder Load (0.5ms)[0m  [1m[34mSELECT "orders".* FROM "orders"[0m
  ↳ app/controllers/api/orders_controller.rb:6:in `index'
  [1m[36mOrderItem Load (0.2ms)[0m  [1m[34mSELECT "order_items".* FROM "order_items" WHERE "order_items"."order_id" = $1[0m  [["order_id", 4]]
  ↳ app/controllers/api/orders_controller.rb:6:in `index'
Completed 200 OK in 6ms (Views: 4.2ms | ActiveRecord: 0.7ms | Allocations: 2072)


Started GET "/api/notifications?customer_id=1" for ::1 at 2025-03-09 14:26:17 +0500
Processing by Api::NotificationsController#index as HTML
  Parameters: {"customer_id"=>"1"}
  [1m[36mNotification Load (0.2ms)[0m  [1m[34mSELECT "notifications".* FROM "notifications" WHERE "notifications"."customer_id" = $1[0m  [["customer_id", 1]]
  ↳ app/controllers/api/notifications_controller.rb:6:in `index'
Completed 200 OK in 9ms (Views: 1.4ms | ActiveRecord: 1.3ms | Allocations: 4634)


Started GET "/api/notifications?customer_id=1" for ::1 at 2025-03-09 14:26:18 +0500
Processing by Api::NotificationsController#index as HTML
  Parameters: {"customer_id"=>"1"}
  [1m[36mNotification Load (0.1ms)[0m  [1m[34mSELECT "notifications".* FROM "notifications" WHERE "notifications"."customer_id" = $1[0m  [["customer_id", 1]]
  ↳ app/controllers/api/notifications_controller.rb:6:in `index'
Completed 200 OK in 5ms (Views: 3.6ms | ActiveRecord: 0.1ms | Allocations: 905)


